C:\Users\Andrew Servania\Documents\Visual Studio 2010\Projects\OpenGL\OpenGL\x64\Debug\cl.command.1.tlog
C:\Users\Andrew Servania\Documents\Visual Studio 2010\Projects\OpenGL\OpenGL\x64\Debug\CL.read.1.tlog
C:\Users\Andrew Servania\Documents\Visual Studio 2010\Projects\OpenGL\OpenGL\x64\Debug\CL.write.1.tlog
C:\Users\Andrew Servania\Documents\Visual Studio 2010\Projects\OpenGL\OpenGL\x64\Debug\link.command.1.tlog
C:\Users\Andrew Servania\Documents\Visual Studio 2010\Projects\OpenGL\OpenGL\x64\Debug\link.read.1.tlog
C:\Users\Andrew Servania\Documents\Visual Studio 2010\Projects\OpenGL\OpenGL\x64\Debug\link.write.1.tlog
C:\Users\Andrew Servania\Documents\Visual Studio 2010\Projects\OpenGL\OpenGL\x64\Debug\link-cvtres.read.1.tlog
C:\Users\Andrew Servania\Documents\Visual Studio 2010\Projects\OpenGL\OpenGL\x64\Debug\link-cvtres.write.1.tlog
C:\USERS\ANDREW SERVANIA\DOCUMENTS\VISUAL STUDIO 2010\PROJECTS\OPENGL\OPENGL\X64\DEBUG\MAIN.OBJ
C:\Users\Andrew Servania\Documents\Visual Studio 2010\Projects\OpenGL\OpenGL\x64\Debug\OpenGL.exe.embed.manifest
C:\USERS\ANDREW SERVANIA\DOCUMENTS\VISUAL STUDIO 2010\PROJECTS\OPENGL\OPENGL\X64\DEBUG\OPENGL.EXE.EMBED.MANIFEST.RES
C:\Users\Andrew Servania\Documents\Visual Studio 2010\Projects\OpenGL\OpenGL\x64\Debug\OpenGL.exe.intermediate.manifest
C:\Users\Andrew Servania\Documents\Visual Studio 2010\Projects\OpenGL\OpenGL\x64\Debug\OpenGL.write.1.tlog
C:\Users\Andrew Servania\Documents\Visual Studio 2010\Projects\OpenGL\OpenGL\x64\Debug\OpenGL_manifest.rc
C:\Users\Andrew Servania\Documents\Visual Studio 2010\Projects\OpenGL\OpenGL\x64\Debug\rc.command.1.tlog
C:\Users\Andrew Servania\Documents\Visual Studio 2010\Projects\OpenGL\OpenGL\x64\Debug\rc.read.1.tlog
C:\Users\Andrew Servania\Documents\Visual Studio 2010\Projects\OpenGL\OpenGL\x64\Debug\rc.write.1.tlog
C:\Users\Andrew Servania\Documents\Visual Studio 2010\Projects\OpenGL\OpenGL\x64\Debug\vc100.idb
C:\USERS\ANDREW SERVANIA\DOCUMENTS\VISUAL STUDIO 2010\PROJECTS\OPENGL\OPENGL\X64\DEBUG\VC100.PDB
C:\Users\Andrew Servania\Documents\Visual Studio 2010\Projects\OpenGL\x64\Debug\OpenGL.pdb
